<?xml version="1.0" encoding="UTF-8"?>
<testsuite name="HelloWorldExampleTest" tests="1" skipped="0" failures="0" errors="0" timestamp="2020-03-18T19:42:43" hostname="DESKTOP-H2T0HM5" time="0.002">
  <properties/>
  <testcase name="testHelloConcat" classname="HelloWorldExampleTest" time="0.002"/>
  <system-out><![CDATA[]]></system-out>
  <system-err><![CDATA[]]></system-err>
</testsuite>
