<?xml version="1.0" encoding="UTF-8"?>
<testsuite name="com.example.validatingforminput.ApplicationMockMvcTests" tests="5" skipped="0" failures="0" errors="0" timestamp="2020-03-19T21:53:39" hostname="DESKTOP-H2T0HM5" time="1.647">
  <properties/>
  <testcase name="checkPersonInfoWhenNameTooShortThenFailure()" classname="com.example.validatingforminput.ApplicationMockMvcTests" time="1.597"/>
  <testcase name="checkPersonInfoWhenValidRequestThenSuccess()" classname="com.example.validatingforminput.ApplicationMockMvcTests" time="0.012"/>
  <testcase name="checkPersonInfoWhenAgeTooYoungThenFailure()" classname="com.example.validatingforminput.ApplicationMockMvcTests" time="0.009"/>
  <testcase name="checkPersonInfoWhenAgeMissingThenFailure()" classname="com.example.validatingforminput.ApplicationMockMvcTests" time="0.011"/>
  <testcase name="checkPersonInfoWhenNameMissingNameThenFailure()" classname="com.example.validatingforminput.ApplicationMockMvcTests" time="0.01"/>
  <system-out><![CDATA[14:53:36.736 [Test worker] DEBUG org.springframework.test.context.BootstrapUtils - Instantiating CacheAwareContextLoaderDelegate from class [org.springframework.test.context.cache.DefaultCacheAwareContextLoaderDelegate]
14:53:36.762 [Test worker] DEBUG org.springframework.test.context.BootstrapUtils - Instantiating BootstrapContext using constructor [public org.springframework.test.context.support.DefaultBootstrapContext(java.lang.Class,org.springframework.test.context.CacheAwareContextLoaderDelegate)]
14:53:36.800 [Test worker] DEBUG org.springframework.test.context.BootstrapUtils - Instantiating TestContextBootstrapper for test class [com.example.validatingforminput.ApplicationMockMvcTests] from class [org.springframework.boot.test.context.SpringBootTestContextBootstrapper]
14:53:36.831 [Test worker] INFO org.springframework.boot.test.context.SpringBootTestContextBootstrapper - Neither @ContextConfiguration nor @ContextHierarchy found for test class [com.example.validatingforminput.ApplicationMockMvcTests], using SpringBootContextLoader
14:53:36.840 [Test worker] DEBUG org.springframework.test.context.support.AbstractContextLoader - Did not detect default resource location for test class [com.example.validatingforminput.ApplicationMockMvcTests]: class path resource [com/example/validatingforminput/ApplicationMockMvcTests-context.xml] does not exist
14:53:36.841 [Test worker] DEBUG org.springframework.test.context.support.AbstractContextLoader - Did not detect default resource location for test class [com.example.validatingforminput.ApplicationMockMvcTests]: class path resource [com/example/validatingforminput/ApplicationMockMvcTestsContext.groovy] does not exist
14:53:36.841 [Test worker] INFO org.springframework.test.context.support.AbstractContextLoader - Could not detect default resource locations for test class [com.example.validatingforminput.ApplicationMockMvcTests]: no resource found for suffixes {-context.xml, Context.groovy}.
14:53:36.842 [Test worker] INFO org.springframework.test.context.support.AnnotationConfigContextLoaderUtils - Could not detect default configuration classes for test class [com.example.validatingforminput.ApplicationMockMvcTests]: ApplicationMockMvcTests does not declare any static, non-private, non-final, nested classes annotated with @Configuration.
14:53:36.964 [Test worker] DEBUG org.springframework.test.context.support.ActiveProfilesUtils - Could not find an 'annotation declaring class' for annotation type [org.springframework.test.context.ActiveProfiles] and class [com.example.validatingforminput.ApplicationMockMvcTests]
14:53:37.057 [Test worker] DEBUG org.springframework.context.annotation.ClassPathScanningCandidateComponentProvider - Identified candidate component class: file [C:\Users\tran_\Desktop\work\IntelliJ\MicroserviceAWS\ValidationFormInputExamplePOSTGET\build\classes\java\main\com\example\validatingforminput\ValidatingFormInputApplication.class]
14:53:37.067 [Test worker] INFO org.springframework.boot.test.context.SpringBootTestContextBootstrapper - Found @SpringBootConfiguration com.example.validatingforminput.ValidatingFormInputApplication for test class com.example.validatingforminput.ApplicationMockMvcTests
14:53:37.176 [Test worker] DEBUG org.springframework.boot.test.context.SpringBootTestContextBootstrapper - @TestExecutionListeners is not present for class [com.example.validatingforminput.ApplicationMockMvcTests]: using defaults.
14:53:37.176 [Test worker] INFO org.springframework.boot.test.context.SpringBootTestContextBootstrapper - Loaded default TestExecutionListener class names from location [META-INF/spring.factories]: [org.springframework.boot.test.autoconfigure.restdocs.RestDocsTestExecutionListener, org.springframework.boot.test.autoconfigure.web.client.MockRestServiceServerResetTestExecutionListener, org.springframework.boot.test.autoconfigure.web.servlet.MockMvcPrintOnlyOnFailureTestExecutionListener, org.springframework.boot.test.autoconfigure.web.servlet.WebDriverTestExecutionListener, org.springframework.boot.test.mock.mockito.MockitoTestExecutionListener, org.springframework.boot.test.mock.mockito.ResetMocksTestExecutionListener, org.springframework.test.context.web.ServletTestExecutionListener, org.springframework.test.context.support.DirtiesContextBeforeModesTestExecutionListener, org.springframework.test.context.support.DependencyInjectionTestExecutionListener, org.springframework.test.context.support.DirtiesContextTestExecutionListener, org.springframework.test.context.transaction.TransactionalTestExecutionListener, org.springframework.test.context.jdbc.SqlScriptsTestExecutionListener, org.springframework.test.context.event.EventPublishingTestExecutionListener]
14:53:37.191 [Test worker] DEBUG org.springframework.boot.test.context.SpringBootTestContextBootstrapper - Skipping candidate TestExecutionListener [org.springframework.test.context.transaction.TransactionalTestExecutionListener] due to a missing dependency. Specify custom listener classes or make the default listener classes and their required dependencies available. Offending class: [org/springframework/transaction/interceptor/TransactionAttributeSource]
14:53:37.192 [Test worker] DEBUG org.springframework.boot.test.context.SpringBootTestContextBootstrapper - Skipping candidate TestExecutionListener [org.springframework.test.context.jdbc.SqlScriptsTestExecutionListener] due to a missing dependency. Specify custom listener classes or make the default listener classes and their required dependencies available. Offending class: [org/springframework/transaction/interceptor/TransactionAttribute]
14:53:37.192 [Test worker] INFO org.springframework.boot.test.context.SpringBootTestContextBootstrapper - Using TestExecutionListeners: [org.springframework.test.context.web.ServletTestExecutionListener@2c831098, org.springframework.test.context.support.DirtiesContextBeforeModesTestExecutionListener@684a7009, org.springframework.boot.test.mock.mockito.MockitoTestExecutionListener@67b40265, org.springframework.boot.test.autoconfigure.SpringBootDependencyInjectionTestExecutionListener@1bc00bee, org.springframework.test.context.support.DirtiesContextTestExecutionListener@2ff3cfde, org.springframework.test.context.event.EventPublishingTestExecutionListener@14822811, org.springframework.boot.test.autoconfigure.restdocs.RestDocsTestExecutionListener@53e2a7ce, org.springframework.boot.test.autoconfigure.web.client.MockRestServiceServerResetTestExecutionListener@48e65927, org.springframework.boot.test.autoconfigure.web.servlet.MockMvcPrintOnlyOnFailureTestExecutionListener@795ae2da, org.springframework.boot.test.autoconfigure.web.servlet.WebDriverTestExecutionListener@7c9d8f40, org.springframework.boot.test.mock.mockito.ResetMocksTestExecutionListener@3a878bca]
14:53:37.207 [Test worker] DEBUG org.springframework.test.context.support.AbstractDirtiesContextTestExecutionListener - Before test class: context [DefaultTestContext@3d3b1a5b testClass = ApplicationMockMvcTests, testInstance = [null], testMethod = [null], testException = [null], mergedContextConfiguration = [WebMergedContextConfiguration@729201c7 testClass = ApplicationMockMvcTests, locations = '{}', classes = '{class com.example.validatingforminput.ValidatingFormInputApplication}', contextInitializerClasses = '[]', activeProfiles = '{}', propertySourceLocations = '{}', propertySourceProperties = '{org.springframework.boot.test.context.SpringBootTestContextBootstrapper=true}', contextCustomizers = set[org.springframework.boot.test.autoconfigure.properties.PropertyMappingContextCustomizer@4b3fa0b3, org.springframework.boot.test.autoconfigure.web.servlet.WebDriverContextCustomizerFactory$Customizer@6c588bdc, [ImportsContextCustomizer@fe37e2c key = [org.springframework.boot.test.autoconfigure.web.servlet.MockMvcAutoConfiguration, org.springframework.boot.test.autoconfigure.web.servlet.MockMvcWebClientAutoConfiguration, org.springframework.boot.test.autoconfigure.web.servlet.MockMvcWebDriverAutoConfiguration, org.springframework.boot.autoconfigure.security.servlet.SecurityAutoConfiguration, org.springframework.boot.autoconfigure.security.servlet.UserDetailsServiceAutoConfiguration, org.springframework.boot.test.autoconfigure.web.servlet.MockMvcSecurityConfiguration]], org.springframework.boot.test.context.filter.ExcludeFilterContextCustomizer@e1989a3, org.springframework.boot.test.json.DuplicateJsonObjectContextCustomizerFactory$DuplicateJsonObjectContextCustomizer@42fe5061, org.springframework.boot.test.mock.mockito.MockitoContextCustomizer@0, org.springframework.boot.test.web.client.TestRestTemplateContextCustomizer@1b07a0b], resourceBasePath = 'src/main/webapp', contextLoader = 'org.springframework.boot.test.context.SpringBootContextLoader', parent = [null]], attributes = map['org.springframework.test.context.web.ServletTestExecutionListener.activateListener' -> true]], class annotated with @DirtiesContext [false] with mode [null].
14:53:37.241 [Test worker] DEBUG org.springframework.test.context.support.TestPropertySourceUtils - Adding inlined properties to environment: {spring.jmx.enabled=false, org.springframework.boot.test.context.SpringBootTestContextBootstrapper=true, server.port=-1}

  .   ____          _            __ _ _
 /\\ / ___'_ __ _ _(_)_ __  __ _ \ \ \ \
( ( )\___ | '_ | '_| | '_ \/ _` | \ \ \ \
 \\/  ___)| |_)| | | | | || (_| |  ) ) ) )
  '  |____| .__|_| |_|_| |_\__, | / / / /
 =========|_|==============|___/=/_/_/_/
 :: Spring Boot ::        (v2.2.2.RELEASE)

2020-03-19 14:53:37.571  INFO 7852 --- [    Test worker] c.e.v.ApplicationMockMvcTests            : Starting ApplicationMockMvcTests on DESKTOP-H2T0HM5 with PID 7852 (started by lamtran409 in C:\Users\tran_\Desktop\work\IntelliJ\MicroserviceAWS\ValidationFormInputExamplePOSTGET)
2020-03-19 14:53:37.572  INFO 7852 --- [    Test worker] c.e.v.ApplicationMockMvcTests            : No active profile set, falling back to default profiles: default
2020-03-19 14:53:38.968  INFO 7852 --- [    Test worker] o.s.s.concurrent.ThreadPoolTaskExecutor  : Initializing ExecutorService 'applicationTaskExecutor'
2020-03-19 14:53:39.331  INFO 7852 --- [    Test worker] o.s.b.t.m.w.SpringBootMockServletContext : Initializing Spring TestDispatcherServlet ''
2020-03-19 14:53:39.331  INFO 7852 --- [    Test worker] o.s.t.web.servlet.TestDispatcherServlet  : Initializing Servlet ''
2020-03-19 14:53:39.369  INFO 7852 --- [    Test worker] o.s.t.web.servlet.TestDispatcherServlet  : Completed initialization in 38 ms
2020-03-19 14:53:39.393  INFO 7852 --- [    Test worker] c.e.v.ApplicationMockMvcTests            : Started ApplicationMockMvcTests in 2.131 seconds (JVM running for 4.657)
]]></system-out>
  <system-err><![CDATA[]]></system-err>
</testsuite>
